TN:
SF:src\server.ts
FN:35,(anonymous_1)
FNF:1
FNH:0
FNDA:0,(anonymous_1)
DA:1,0
DA:2,0
DA:3,0
DA:4,0
DA:5,0
DA:6,0
DA:7,0
DA:8,0
DA:9,0
DA:10,0
DA:11,0
DA:12,0
DA:13,0
DA:14,0
DA:15,0
DA:16,0
DA:18,0
DA:19,0
DA:21,0
DA:23,0
DA:25,0
DA:26,0
DA:27,0
DA:31,0
DA:32,0
DA:35,0
DA:36,0
DA:37,0
DA:40,0
DA:42,0
DA:44,0
DA:46,0
DA:48,0
DA:50,0
DA:54,0
LF:35
LH:0
BRDA:26,0,0,0
BRF:1
BRH:0
end_of_record
TN:
SF:src\swaggerOptions.ts
FNF:0
FNH:0
DA:3,0
DA:34,0
LF:2
LH:0
BRF:0
BRH:0
end_of_record
TN:
SF:src\controllers\AttendanceController.ts
FN:5,(anonymous_1)
FNF:1
FNH:1
FNDA:3,(anonymous_1)
DA:2,1
DA:5,1
DA:6,3
DA:7,3
DA:8,3
DA:10,2
DA:11,1
DA:14,1
DA:19,1
DA:20,1
DA:25,1
LF:11
LH:11
BRDA:10,0,0,1
BRF:1
BRH:1
end_of_record
TN:
SF:src\controllers\AuthController.ts
FN:12,(anonymous_1)
FN:53,(anonymous_2)
FN:79,(anonymous_3)
FN:128,(anonymous_4)
FN:168,(anonymous_5)
FN:201,(anonymous_6)
FN:222,(anonymous_7)
FN:249,(anonymous_8)
FNF:8
FNH:7
FNDA:2,(anonymous_1)
FNDA:2,(anonymous_2)
FNDA:4,(anonymous_3)
FNDA:3,(anonymous_4)
FNDA:2,(anonymous_5)
FNDA:2,(anonymous_6)
FNDA:2,(anonymous_7)
FNDA:0,(anonymous_8)
DA:2,1
DA:3,1
DA:4,1
DA:5,1
DA:6,1
DA:7,1
DA:8,1
DA:10,1
DA:12,1
DA:13,2
DA:14,2
DA:16,2
DA:19,2
DA:20,2
DA:21,1
DA:22,1
DA:23,1
DA:27,1
DA:28,1
DA:31,1
DA:32,1
DA:33,1
DA:34,1
DA:37,1
DA:43,1
DA:45,1
DA:46,1
DA:48,0
DA:49,0
DA:53,1
DA:54,2
DA:55,2
DA:57,2
DA:59,2
DA:60,2
DA:61,1
DA:62,1
DA:63,1
DA:66,1
DA:67,1
DA:69,1
DA:71,1
DA:72,1
DA:74,0
DA:75,0
DA:79,1
DA:80,4
DA:81,4
DA:83,4
DA:85,4
DA:86,4
DA:87,1
DA:88,1
DA:89,1
DA:92,3
DA:93,1
DA:94,1
DA:95,1
DA:96,1
DA:98,1
DA:104,1
DA:105,1
DA:106,1
DA:110,2
DA:111,2
DA:112,1
DA:113,1
DA:114,1
DA:117,1
DA:119,1
DA:120,1
DA:123,0
DA:124,0
DA:128,1
DA:129,3
DA:130,3
DA:132,3
DA:134,3
DA:135,3
DA:136,1
DA:137,1
DA:138,1
DA:141,2
DA:142,1
DA:143,1
DA:144,1
DA:147,1
DA:148,1
DA:149,1
DA:150,1
DA:152,1
DA:158,1
DA:160,1
DA:161,1
DA:163,0
DA:164,0
DA:168,1
DA:169,2
DA:170,2
DA:172,2
DA:174,2
DA:175,2
DA:176,1
DA:177,1
DA:178,1
DA:181,1
DA:182,1
DA:183,1
DA:184,1
DA:185,1
DA:187,1
DA:193,1
DA:194,1
DA:196,0
DA:197,0
DA:201,1
DA:202,2
DA:203,2
DA:205,2
DA:207,2
DA:208,2
DA:209,1
DA:210,1
DA:211,1
DA:214,1
DA:215,1
DA:217,0
DA:218,0
DA:222,1
DA:223,2
DA:224,2
DA:225,2
DA:227,2
DA:229,2
DA:230,2
DA:231,1
DA:232,1
DA:233,1
DA:236,1
DA:237,1
DA:239,1
DA:241,1
DA:242,1
DA:244,0
DA:245,0
DA:249,1
DA:250,0
DA:254,1
LF:148
LH:133
BRDA:20,0,0,1
BRDA:60,1,0,1
BRDA:86,2,0,1
BRDA:92,3,0,1
BRDA:111,4,0,1
BRDA:135,5,0,1
BRDA:141,6,0,1
BRDA:175,7,0,1
BRDA:208,8,0,1
BRDA:230,9,0,1
BRF:10
BRH:10
end_of_record
TN:
SF:src\controllers\JustificationController.ts
FN:7,(anonymous_1)
FN:52,(anonymous_2)
FN:70,(anonymous_3)
FNF:3
FNH:3
FNDA:2,(anonymous_1)
FNDA:2,(anonymous_2)
FNDA:1,(anonymous_3)
DA:2,1
DA:3,1
DA:4,1
DA:6,1
DA:7,1
DA:8,2
DA:9,2
DA:10,2
DA:14,2
DA:15,1
DA:19,2
DA:28,2
DA:31,1
DA:41,1
DA:43,1
DA:47,1
DA:48,1
DA:52,1
DA:53,2
DA:54,2
DA:55,2
DA:56,2
DA:59,2
DA:64,1
DA:66,1
DA:70,1
DA:81,1
DA:82,1
LF:28
LH:28
BRDA:14,0,0,1
BRDA:55,1,0,2
BRDA:55,1,1,0
BRDA:56,2,0,2
BRDA:56,2,1,0
BRF:5
BRH:3
end_of_record
TN:
SF:src\controllers\ScheduleController.ts
FN:5,(anonymous_1)
FNF:1
FNH:1
FNDA:2,(anonymous_1)
DA:2,1
DA:5,1
DA:6,2
DA:7,2
DA:8,2
DA:10,2
DA:11,1
DA:14,1
DA:19,0
DA:20,0
DA:25,1
LF:11
LH:9
BRDA:10,0,0,1
BRF:1
BRH:1
end_of_record
TN:
SF:src\controllers\SyncController.ts
FN:9,(anonymous_1)
FN:37,(anonymous_2)
FN:47,(anonymous_3)
FN:50,(anonymous_4)
FN:88,(anonymous_5)
FNF:5
FNH:5
FNDA:4,(anonymous_1)
FNDA:3,(anonymous_2)
FNDA:2,(anonymous_3)
FNDA:2,(anonymous_4)
FNDA:3,(anonymous_5)
DA:2,1
DA:3,1
DA:4,1
DA:5,1
DA:7,1
DA:9,1
DA:10,4
DA:12,4
DA:13,4
DA:15,4
DA:17,3
DA:18,1
DA:19,1
DA:21,1
DA:22,1
DA:28,2
DA:29,2
DA:32,1
DA:33,1
DA:37,1
DA:38,3
DA:39,3
DA:41,3
DA:42,3
DA:43,3
DA:45,3
DA:47,2
DA:50,2
DA:57,2
DA:64,0
DA:66,0
DA:67,0
DA:68,0
DA:75,0
DA:76,0
DA:79,1
DA:80,1
DA:83,2
DA:84,2
DA:88,1
DA:89,3
DA:90,3
DA:91,3
DA:93,3
DA:95,3
DA:97,3
DA:98,1
DA:99,1
DA:102,2
DA:109,0
DA:111,0
DA:112,0
DA:113,0
DA:120,0
DA:121,0
DA:124,2
DA:125,2
DA:131,1
LF:58
LH:46
BRDA:17,0,0,1
BRDA:17,0,1,2
BRDA:45,1,0,2
BRDA:45,1,1,1
BRDA:45,2,0,3
BRDA:45,2,1,3
BRDA:52,3,0,2
BRDA:52,3,1,0
BRDA:66,4,0,0
BRDA:66,4,1,0
BRDA:97,5,0,1
BRDA:97,6,0,3
BRDA:97,6,1,2
BRDA:111,7,0,0
BRDA:111,7,1,0
BRF:15
BRH:10
end_of_record
TN:
SF:src\models\Attendace.ts
FNF:0
FNH:0
DA:1,0
DA:21,0
DA:61,0
DA:62,0
LF:4
LH:0
BRF:0
BRH:0
end_of_record
TN:
SF:src\models\Justification.ts
FNF:0
FNH:0
DA:1,0
DA:15,0
DA:37,0
DA:39,0
LF:4
LH:0
BRF:0
BRH:0
end_of_record
TN:
SF:src\models\Schedule.ts
FNF:0
FNH:0
DA:1,1
DA:21,1
DA:31,1
DA:38,1
DA:45,1
DA:47,1
LF:6
LH:6
BRF:0
BRH:0
end_of_record
TN:
SF:src\models\Token.ts
FNF:0
FNH:0
DA:1,1
DA:9,1
DA:25,1
DA:26,1
LF:4
LH:4
BRF:0
BRH:0
end_of_record
TN:
SF:src\models\User.ts
FNF:0
FNH:0
DA:1,1
DA:10,1
DA:31,1
DA:32,1
LF:4
LH:4
BRF:0
BRH:0
end_of_record
TN:
SF:src\routes\attendanceRoutes.ts
FNF:0
FNH:0
DA:1,0
DA:2,0
DA:3,0
DA:5,0
DA:54,0
DA:56,0
LF:6
LH:0
BRF:0
BRH:0
end_of_record
TN:
SF:src\routes\authRoutes.ts
FN:44,(anonymous_0)
FN:235,(anonymous_1)
FNF:2
FNH:0
FNDA:0,(anonymous_0)
FNDA:0,(anonymous_1)
DA:1,0
DA:2,0
DA:3,0
DA:4,0
DA:5,0
DA:7,0
DA:39,0
DA:45,0
DA:46,0
DA:48,0
DA:77,0
DA:107,0
DA:138,0
DA:166,0
DA:194,0
DA:230,0
DA:236,0
DA:237,0
DA:239,0
DA:270,0
DA:275,0
LF:21
LH:0
BRDA:45,0,0,0
BRDA:236,1,0,0
BRF:2
BRH:0
end_of_record
TN:
SF:src\routes\justificationRoutes.ts
FN:48,(anonymous_0)
FNF:1
FNH:0
FNDA:0,(anonymous_0)
DA:1,0
DA:2,0
DA:3,0
DA:4,0
DA:5,0
DA:6,0
DA:8,0
DA:44,0
DA:49,0
DA:50,0
DA:51,0
DA:113,0
DA:119,0
LF:13
LH:0
BRF:0
BRH:0
end_of_record
TN:
SF:src\routes\scheduleRoutes.ts
FNF:0
FNH:0
DA:1,0
DA:2,0
DA:3,0
DA:5,0
DA:57,0
DA:59,0
LF:6
LH:0
BRF:0
BRH:0
end_of_record
TN:
SF:src\routes\syncRoutes.ts
FNF:0
FNH:0
DA:1,0
DA:2,0
DA:3,0
DA:4,0
DA:5,0
DA:7,0
DA:39,0
DA:113,0
DA:192,0
DA:201,0
LF:10
LH:0
BRF:0
BRH:0
end_of_record
