{"C:\\Users\\Stryker\\Desktop\\Final-2024-II\\CALIDAD_SOFTWARE\\proyecto-si784-2024-ii-u2-caxi_aguilar_chata\\proyecto-si8811b-2024-ii-u1-backend-nodejs\\src\\server.ts": {"path":"C:\\Users\\Stryker\\Desktop\\Final-2024-II\\CALIDAD_SOFTWARE\\proyecto-si784-2024-ii-u2-caxi_aguilar_chata\\proyecto-si8811b-2024-ii-u1-backend-nodejs\\src\\server.ts","statementMap":{"0":{"start":{"line":1,"column":0},"end":{"line":1,"column":30}},"1":{"start":{"line":2,"column":0},"end":{"line":2,"column":28}},"2":{"start":{"line":3,"column":0},"end":{"line":3,"column":23}},"3":{"start":{"line":4,"column":0},"end":{"line":4,"column":40}},"4":{"start":{"line":5,"column":0},"end":{"line":5,"column":43}},"5":{"start":{"line":6,"column":0},"end":{"line":6,"column":45}},"6":{"start":{"line":7,"column":0},"end":{"line":7,"column":41}},"7":{"start":{"line":8,"column":0},"end":{"line":8,"column":43}},"8":{"start":{"line":9,"column":0},"end":{"line":9,"column":39}},"9":{"start":{"line":10,"column":0},"end":{"line":10,"column":40}},"10":{"start":{"line":11,"column":0},"end":{"line":11,"column":45}},"11":{"start":{"line":12,"column":0},"end":{"line":12,"column":57}},"12":{"start":{"line":13,"column":0},"end":{"line":13,"column":53}},"13":{"start":{"line":14,"column":0},"end":{"line":14,"column":63}},"14":{"start":{"line":15,"column":0},"end":{"line":15,"column":24}},"15":{"start":{"line":16,"column":0},"end":{"line":16,"column":20}},"16":{"start":{"line":18,"column":0},"end":{"line":18,"column":16}},"17":{"start":{"line":19,"column":0},"end":{"line":19,"column":12}},"18":{"start":{"line":21,"column":12},"end":{"line":21,"column":21}},"19":{"start":{"line":23,"column":0},"end":{"line":23,"column":26}},"20":{"start":{"line":25,"column":19},"end":{"line":25,"column":53}},"21":{"start":{"line":26,"column":0},"end":{"line":28,"column":1}},"22":{"start":{"line":27,"column":4},"end":{"line":27,"column":50}},"23":{"start":{"line":31,"column":20},"end":{"line":31,"column":41}},"24":{"start":{"line":32,"column":0},"end":{"line":32,"column":68}},"25":{"start":{"line":35,"column":0},"end":{"line":38,"column":3}},"26":{"start":{"line":36,"column":2},"end":{"line":36,"column":42}},"27":{"start":{"line":37,"column":2},"end":{"line":37,"column":9}},"28":{"start":{"line":40,"column":0},"end":{"line":40,"column":24}},"29":{"start":{"line":42,"column":0},"end":{"line":42,"column":36}},"30":{"start":{"line":44,"column":0},"end":{"line":44,"column":36}},"31":{"start":{"line":46,"column":0},"end":{"line":46,"column":48}},"32":{"start":{"line":48,"column":0},"end":{"line":48,"column":44}},"33":{"start":{"line":50,"column":0},"end":{"line":50,"column":55}},"34":{"start":{"line":54,"column":0},"end":{"line":54,"column":19}}},"fnMap":{"0":{"name":"(anonymous_1)","decl":{"start":{"line":35,"column":8},"end":{"line":35,"column":9}},"loc":{"start":{"line":35,"column":27},"end":{"line":38,"column":1}}}},"branchMap":{"0":{"loc":{"start":{"line":26,"column":0},"end":{"line":28,"column":1}},"type":"if","locations":[{"start":{"line":26,"column":0},"end":{"line":28,"column":1}}]}},"s":{"0":3,"1":3,"2":3,"3":3,"4":3,"5":3,"6":3,"7":3,"8":3,"9":3,"10":3,"11":3,"12":3,"13":3,"14":3,"15":3,"16":3,"17":3,"18":3,"19":3,"20":3,"21":3,"22":0,"23":3,"24":3,"25":3,"26":20,"27":20,"28":3,"29":3,"30":3,"31":3,"32":3,"33":3,"34":3},"f":{"0":20},"b":{"0":[0]}}
,"C:\\Users\\Stryker\\Desktop\\Final-2024-II\\CALIDAD_SOFTWARE\\proyecto-si784-2024-ii-u2-caxi_aguilar_chata\\proyecto-si8811b-2024-ii-u1-backend-nodejs\\src\\swaggerOptions.ts": {"path":"C:\\Users\\Stryker\\Desktop\\Final-2024-II\\CALIDAD_SOFTWARE\\proyecto-si784-2024-ii-u2-caxi_aguilar_chata\\proyecto-si8811b-2024-ii-u1-backend-nodejs\\src\\swaggerOptions.ts","statementMap":{"0":{"start":{"line":3,"column":32},"end":{"line":32,"column":2}},"1":{"start":{"line":34,"column":0},"end":{"line":34,"column":23}}},"fnMap":{},"branchMap":{},"s":{"0":3,"1":3},"f":{},"b":{}}
,"C:\\Users\\Stryker\\Desktop\\Final-2024-II\\CALIDAD_SOFTWARE\\proyecto-si784-2024-ii-u2-caxi_aguilar_chata\\proyecto-si8811b-2024-ii-u1-backend-nodejs\\src\\controllers\\AttendanceController.ts": {"path":"C:\\Users\\Stryker\\Desktop\\Final-2024-II\\CALIDAD_SOFTWARE\\proyecto-si784-2024-ii-u2-caxi_aguilar_chata\\proyecto-si8811b-2024-ii-u1-backend-nodejs\\src\\controllers\\AttendanceController.ts","statementMap":{"0":{"start":{"line":2,"column":0},"end":{"line":2,"column":44}},"1":{"start":{"line":5,"column":31},"end":{"line":22,"column":5}},"2":{"start":{"line":6,"column":8},"end":{"line":21,"column":9}},"3":{"start":{"line":7,"column":27},"end":{"line":7,"column":39}},"4":{"start":{"line":8,"column":31},"end":{"line":8,"column":67}},"5":{"start":{"line":10,"column":12},"end":{"line":12,"column":13}},"6":{"start":{"line":11,"column":16},"end":{"line":11,"column":null}},"7":{"start":{"line":14,"column":12},"end":{"line":17,"column":null}},"8":{"start":{"line":19,"column":12},"end":{"line":19,"column":null}},"9":{"start":{"line":20,"column":12},"end":{"line":20,"column":null}},"10":{"start":{"line":25,"column":0},"end":{"line":25,"column":36}}},"fnMap":{"0":{"name":"(anonymous_1)","decl":{"start":{"line":5,"column":31},"end":{"line":5,"column":36}},"loc":{"start":{"line":5,"column":69},"end":{"line":22,"column":5}}}},"branchMap":{"0":{"loc":{"start":{"line":10,"column":12},"end":{"line":12,"column":13}},"type":"if","locations":[{"start":{"line":10,"column":12},"end":{"line":12,"column":13}}]}},"s":{"0":3,"1":3,"2":2,"3":2,"4":2,"5":2,"6":1,"7":1,"8":0,"9":0,"10":3},"f":{"0":2},"b":{"0":[1]}}
,"C:\\Users\\Stryker\\Desktop\\Final-2024-II\\CALIDAD_SOFTWARE\\proyecto-si784-2024-ii-u2-caxi_aguilar_chata\\proyecto-si8811b-2024-ii-u1-backend-nodejs\\src\\controllers\\AuthController.ts": {"path":"C:\\Users\\Stryker\\Desktop\\Final-2024-II\\CALIDAD_SOFTWARE\\proyecto-si784-2024-ii-u2-caxi_aguilar_chata\\proyecto-si8811b-2024-ii-u1-backend-nodejs\\src\\controllers\\AuthController.ts","statementMap":{"0":{"start":{"line":2,"column":0},"end":{"line":2,"column":34}},"1":{"start":{"line":3,"column":0},"end":{"line":3,"column":60}},"2":{"start":{"line":4,"column":0},"end":{"line":4,"column":47}},"3":{"start":{"line":5,"column":0},"end":{"line":5,"column":36}},"4":{"start":{"line":6,"column":0},"end":{"line":6,"column":48}},"5":{"start":{"line":7,"column":0},"end":{"line":7,"column":36}},"6":{"start":{"line":8,"column":0},"end":{"line":8,"column":43}},"7":{"start":{"line":12,"column":27},"end":{"line":51,"column":5}},"8":{"start":{"line":13,"column":8},"end":{"line":50,"column":9}},"9":{"start":{"line":14,"column":40},"end":{"line":14,"column":48}},"10":{"start":{"line":16,"column":12},"end":{"line":16,"column":76}},"11":{"start":{"line":19,"column":31},"end":{"line":19,"column":60}},"12":{"start":{"line":20,"column":12},"end":{"line":24,"column":13}},"13":{"start":{"line":21,"column":16},"end":{"line":21,"column":71}},"14":{"start":{"line":22,"column":30},"end":{"line":22,"column":64}},"15":{"start":{"line":23,"column":16},"end":{"line":23,"column":70}},"16":{"start":{"line":27,"column":25},"end":{"line":27,"column":43}},"17":{"start":{"line":28,"column":12},"end":{"line":28,"column":57}},"18":{"start":{"line":31,"column":26},"end":{"line":31,"column":37}},"19":{"start":{"line":32,"column":12},"end":{"line":32,"column":42}},"20":{"start":{"line":33,"column":12},"end":{"line":33,"column":null}},"21":{"start":{"line":34,"column":12},"end":{"line":34,"column":33}},"22":{"start":{"line":37,"column":12},"end":{"line":41,"column":15}},"23":{"start":{"line":43,"column":12},"end":{"line":43,"column":66}},"24":{"start":{"line":45,"column":12},"end":{"line":45,"column":76}},"25":{"start":{"line":46,"column":12},"end":{"line":46,"column":55}},"26":{"start":{"line":48,"column":12},"end":{"line":48,"column":59}},"27":{"start":{"line":49,"column":12},"end":{"line":49,"column":61}},"28":{"start":{"line":53,"column":28},"end":{"line":77,"column":5}},"29":{"start":{"line":54,"column":8},"end":{"line":76,"column":9}},"30":{"start":{"line":55,"column":30},"end":{"line":55,"column":38}},"31":{"start":{"line":57,"column":12},"end":{"line":57,"column":78}},"32":{"start":{"line":59,"column":32},"end":{"line":59,"column":62}},"33":{"start":{"line":60,"column":12},"end":{"line":64,"column":13}},"34":{"start":{"line":61,"column":16},"end":{"line":61,"column":64}},"35":{"start":{"line":62,"column":30},"end":{"line":62,"column":58}},"36":{"start":{"line":63,"column":16},"end":{"line":63,"column":70}},"37":{"start":{"line":66,"column":25},"end":{"line":66,"column":62}},"38":{"start":{"line":67,"column":12},"end":{"line":67,"column":34}},"39":{"start":{"line":69,"column":12},"end":{"line":69,"column":77}},"40":{"start":{"line":71,"column":12},"end":{"line":71,"column":82}},"41":{"start":{"line":72,"column":12},"end":{"line":72,"column":71}},"42":{"start":{"line":74,"column":12},"end":{"line":74,"column":60}},"43":{"start":{"line":75,"column":12},"end":{"line":75,"column":61}},"44":{"start":{"line":79,"column":19},"end":{"line":126,"column":5}},"45":{"start":{"line":80,"column":8},"end":{"line":125,"column":9}},"46":{"start":{"line":81,"column":40},"end":{"line":81,"column":48}},"47":{"start":{"line":83,"column":12},"end":{"line":83,"column":64}},"48":{"start":{"line":85,"column":25},"end":{"line":85,"column":54}},"49":{"start":{"line":86,"column":12},"end":{"line":90,"column":13}},"50":{"start":{"line":87,"column":16},"end":{"line":87,"column":66}},"51":{"start":{"line":88,"column":30},"end":{"line":88,"column":64}},"52":{"start":{"line":89,"column":16},"end":{"line":89,"column":70}},"53":{"start":{"line":92,"column":12},"end":{"line":107,"column":13}},"54":{"start":{"line":93,"column":30},"end":{"line":93,"column":41}},"55":{"start":{"line":94,"column":16},"end":{"line":94,"column":37}},"56":{"start":{"line":95,"column":16},"end":{"line":95,"column":46}},"57":{"start":{"line":96,"column":16},"end":{"line":96,"column":35}},"58":{"start":{"line":98,"column":16},"end":{"line":102,"column":19}},"59":{"start":{"line":104,"column":16},"end":{"line":104,"column":99}},"60":{"start":{"line":105,"column":30},"end":{"line":105,"column":105}},"61":{"start":{"line":106,"column":16},"end":{"line":106,"column":70}},"62":{"start":{"line":110,"column":38},"end":{"line":110,"column":82}},"63":{"start":{"line":111,"column":12},"end":{"line":115,"column":13}},"64":{"start":{"line":112,"column":16},"end":{"line":112,"column":70}},"65":{"start":{"line":113,"column":30},"end":{"line":113,"column":62}},"66":{"start":{"line":114,"column":16},"end":{"line":114,"column":70}},"67":{"start":{"line":117,"column":26},"end":{"line":117,"column":52}},"68":{"start":{"line":119,"column":12},"end":{"line":119,"column":79}},"69":{"start":{"line":120,"column":12},"end":{"line":120,"column":28}},"70":{"start":{"line":123,"column":12},"end":{"line":123,"column":51}},"71":{"start":{"line":124,"column":12},"end":{"line":124,"column":61}},"72":{"start":{"line":128,"column":37},"end":{"line":166,"column":5}},"73":{"start":{"line":129,"column":8},"end":{"line":165,"column":9}},"74":{"start":{"line":130,"column":30},"end":{"line":130,"column":38}},"75":{"start":{"line":132,"column":12},"end":{"line":132,"column":76}},"76":{"start":{"line":134,"column":25},"end":{"line":134,"column":54}},"77":{"start":{"line":135,"column":12},"end":{"line":139,"column":13}},"78":{"start":{"line":136,"column":16},"end":{"line":136,"column":66}},"79":{"start":{"line":137,"column":30},"end":{"line":137,"column":69}},"80":{"start":{"line":138,"column":16},"end":{"line":138,"column":70}},"81":{"start":{"line":141,"column":12},"end":{"line":145,"column":13}},"82":{"start":{"line":142,"column":16},"end":{"line":142,"column":74}},"83":{"start":{"line":143,"column":30},"end":{"line":143,"column":64}},"84":{"start":{"line":144,"column":16},"end":{"line":144,"column":70}},"85":{"start":{"line":147,"column":26},"end":{"line":147,"column":37}},"86":{"start":{"line":148,"column":12},"end":{"line":148,"column":42}},"87":{"start":{"line":149,"column":12},"end":{"line":149,"column":null}},"88":{"start":{"line":150,"column":12},"end":{"line":150,"column":33}},"89":{"start":{"line":152,"column":12},"end":{"line":156,"column":15}},"90":{"start":{"line":158,"column":12},"end":{"line":158,"column":66}},"91":{"start":{"line":160,"column":12},"end":{"line":160,"column":74}},"92":{"start":{"line":161,"column":12},"end":{"line":161,"column":60}},"93":{"start":{"line":163,"column":12},"end":{"line":163,"column":69}},"94":{"start":{"line":164,"column":12},"end":{"line":164,"column":61}},"95":{"start":{"line":168,"column":28},"end":{"line":199,"column":5}},"96":{"start":{"line":169,"column":8},"end":{"line":198,"column":9}},"97":{"start":{"line":170,"column":30},"end":{"line":170,"column":38}},"98":{"start":{"line":172,"column":12},"end":{"line":172,"column":73}},"99":{"start":{"line":174,"column":25},"end":{"line":174,"column":54}},"100":{"start":{"line":175,"column":12},"end":{"line":179,"column":13}},"101":{"start":{"line":176,"column":16},"end":{"line":176,"column":66}},"102":{"start":{"line":177,"column":30},"end":{"line":177,"column":69}},"103":{"start":{"line":178,"column":16},"end":{"line":178,"column":70}},"104":{"start":{"line":181,"column":26},"end":{"line":181,"column":37}},"105":{"start":{"line":182,"column":12},"end":{"line":182,"column":42}},"106":{"start":{"line":183,"column":12},"end":{"line":183,"column":null}},"107":{"start":{"line":184,"column":12},"end":{"line":184,"column":33}},"108":{"start":{"line":185,"column":12},"end":{"line":185,"column":31}},"109":{"start":{"line":187,"column":12},"end":{"line":191,"column":15}},"110":{"start":{"line":193,"column":12},"end":{"line":193,"column":72}},"111":{"start":{"line":194,"column":12},"end":{"line":194,"column":40}},"112":{"start":{"line":196,"column":12},"end":{"line":196,"column":60}},"113":{"start":{"line":197,"column":12},"end":{"line":197,"column":61}},"114":{"start":{"line":201,"column":27},"end":{"line":220,"column":5}},"115":{"start":{"line":202,"column":8},"end":{"line":219,"column":9}},"116":{"start":{"line":203,"column":30},"end":{"line":203,"column":38}},"117":{"start":{"line":205,"column":12},"end":{"line":205,"column":54}},"118":{"start":{"line":207,"column":32},"end":{"line":207,"column":62}},"119":{"start":{"line":208,"column":12},"end":{"line":212,"column":13}},"120":{"start":{"line":209,"column":16},"end":{"line":209,"column":55}},"121":{"start":{"line":210,"column":30},"end":{"line":210,"column":58}},"122":{"start":{"line":211,"column":16},"end":{"line":211,"column":70}},"123":{"start":{"line":214,"column":12},"end":{"line":214,"column":66}},"124":{"start":{"line":215,"column":12},"end":{"line":215,"column":63}},"125":{"start":{"line":217,"column":12},"end":{"line":217,"column":59}},"126":{"start":{"line":218,"column":12},"end":{"line":218,"column":61}},"127":{"start":{"line":222,"column":37},"end":{"line":247,"column":5}},"128":{"start":{"line":223,"column":8},"end":{"line":246,"column":9}},"129":{"start":{"line":224,"column":30},"end":{"line":224,"column":40}},"130":{"start":{"line":225,"column":33},"end":{"line":225,"column":41}},"131":{"start":{"line":227,"column":12},"end":{"line":227,"column":66}},"132":{"start":{"line":229,"column":32},"end":{"line":229,"column":62}},"133":{"start":{"line":230,"column":12},"end":{"line":234,"column":13}},"134":{"start":{"line":231,"column":16},"end":{"line":231,"column":75}},"135":{"start":{"line":232,"column":30},"end":{"line":232,"column":58}},"136":{"start":{"line":233,"column":16},"end":{"line":233,"column":70}},"137":{"start":{"line":236,"column":25},"end":{"line":236,"column":62}},"138":{"start":{"line":237,"column":12},"end":{"line":237,"column":57}},"139":{"start":{"line":239,"column":12},"end":{"line":239,"column":77}},"140":{"start":{"line":241,"column":12},"end":{"line":241,"column":81}},"141":{"start":{"line":242,"column":12},"end":{"line":242,"column":61}},"142":{"start":{"line":244,"column":12},"end":{"line":244,"column":69}},"143":{"start":{"line":245,"column":12},"end":{"line":245,"column":61}},"144":{"start":{"line":249,"column":18},"end":{"line":251,"column":5}},"145":{"start":{"line":250,"column":8},"end":{"line":250,"column":null}},"146":{"start":{"line":10,"column":0},"end":{"line":10,"column":13}},"147":{"start":{"line":254,"column":0},"end":{"line":254,"column":30}}},"fnMap":{"0":{"name":"(anonymous_1)","decl":{"start":{"line":12,"column":27},"end":{"line":12,"column":32}},"loc":{"start":{"line":12,"column":65},"end":{"line":51,"column":5}}},"1":{"name":"(anonymous_2)","decl":{"start":{"line":53,"column":28},"end":{"line":53,"column":33}},"loc":{"start":{"line":53,"column":66},"end":{"line":77,"column":5}}},"2":{"name":"(anonymous_3)","decl":{"start":{"line":79,"column":19},"end":{"line":79,"column":24}},"loc":{"start":{"line":79,"column":57},"end":{"line":126,"column":5}}},"3":{"name":"(anonymous_4)","decl":{"start":{"line":128,"column":37},"end":{"line":128,"column":42}},"loc":{"start":{"line":128,"column":75},"end":{"line":166,"column":5}}},"4":{"name":"(anonymous_5)","decl":{"start":{"line":168,"column":28},"end":{"line":168,"column":33}},"loc":{"start":{"line":168,"column":66},"end":{"line":199,"column":5}}},"5":{"name":"(anonymous_6)","decl":{"start":{"line":201,"column":27},"end":{"line":201,"column":32}},"loc":{"start":{"line":201,"column":65},"end":{"line":220,"column":5}}},"6":{"name":"(anonymous_7)","decl":{"start":{"line":222,"column":37},"end":{"line":222,"column":42}},"loc":{"start":{"line":222,"column":75},"end":{"line":247,"column":5}}},"7":{"name":"(anonymous_8)","decl":{"start":{"line":249,"column":18},"end":{"line":249,"column":23}},"loc":{"start":{"line":249,"column":56},"end":{"line":251,"column":5}}}},"branchMap":{"0":{"loc":{"start":{"line":20,"column":12},"end":{"line":24,"column":13}},"type":"if","locations":[{"start":{"line":20,"column":12},"end":{"line":24,"column":13}}]},"1":{"loc":{"start":{"line":60,"column":12},"end":{"line":64,"column":13}},"type":"if","locations":[{"start":{"line":60,"column":12},"end":{"line":64,"column":13}}]},"2":{"loc":{"start":{"line":86,"column":12},"end":{"line":90,"column":13}},"type":"if","locations":[{"start":{"line":86,"column":12},"end":{"line":90,"column":13}}]},"3":{"loc":{"start":{"line":92,"column":12},"end":{"line":107,"column":13}},"type":"if","locations":[{"start":{"line":92,"column":12},"end":{"line":107,"column":13}}]},"4":{"loc":{"start":{"line":111,"column":12},"end":{"line":115,"column":13}},"type":"if","locations":[{"start":{"line":111,"column":12},"end":{"line":115,"column":13}}]},"5":{"loc":{"start":{"line":135,"column":12},"end":{"line":139,"column":13}},"type":"if","locations":[{"start":{"line":135,"column":12},"end":{"line":139,"column":13}}]},"6":{"loc":{"start":{"line":141,"column":12},"end":{"line":145,"column":13}},"type":"if","locations":[{"start":{"line":141,"column":12},"end":{"line":145,"column":13}}]},"7":{"loc":{"start":{"line":175,"column":12},"end":{"line":179,"column":13}},"type":"if","locations":[{"start":{"line":175,"column":12},"end":{"line":179,"column":13}}]},"8":{"loc":{"start":{"line":208,"column":12},"end":{"line":212,"column":13}},"type":"if","locations":[{"start":{"line":208,"column":12},"end":{"line":212,"column":13}}]},"9":{"loc":{"start":{"line":230,"column":12},"end":{"line":234,"column":13}},"type":"if","locations":[{"start":{"line":230,"column":12},"end":{"line":234,"column":13}}]}},"s":{"0":3,"1":3,"2":3,"3":3,"4":3,"5":3,"6":3,"7":3,"8":1,"9":1,"10":1,"11":1,"12":1,"13":0,"14":0,"15":0,"16":1,"17":1,"18":1,"19":1,"20":1,"21":1,"22":1,"23":1,"24":1,"25":1,"26":0,"27":0,"28":3,"29":1,"30":1,"31":1,"32":1,"33":1,"34":0,"35":0,"36":0,"37":1,"38":1,"39":1,"40":1,"41":1,"42":0,"43":0,"44":3,"45":1,"46":1,"47":1,"48":1,"49":1,"50":0,"51":0,"52":0,"53":1,"54":0,"55":0,"56":0,"57":0,"58":0,"59":0,"60":0,"61":0,"62":1,"63":1,"64":0,"65":0,"66":0,"67":1,"68":1,"69":1,"70":0,"71":0,"72":3,"73":1,"74":1,"75":1,"76":1,"77":1,"78":0,"79":0,"80":0,"81":1,"82":0,"83":0,"84":0,"85":1,"86":1,"87":1,"88":1,"89":1,"90":1,"91":1,"92":1,"93":0,"94":0,"95":3,"96":1,"97":1,"98":1,"99":1,"100":1,"101":0,"102":0,"103":0,"104":1,"105":1,"106":1,"107":1,"108":1,"109":1,"110":1,"111":1,"112":0,"113":0,"114":3,"115":1,"116":1,"117":1,"118":1,"119":1,"120":0,"121":0,"122":0,"123":1,"124":1,"125":0,"126":0,"127":3,"128":1,"129":1,"130":1,"131":1,"132":1,"133":1,"134":0,"135":0,"136":0,"137":1,"138":1,"139":1,"140":1,"141":1,"142":0,"143":0,"144":3,"145":0,"146":3,"147":3},"f":{"0":1,"1":1,"2":1,"3":1,"4":1,"5":1,"6":1,"7":0},"b":{"0":[0],"1":[0],"2":[0],"3":[0],"4":[0],"5":[0],"6":[0],"7":[0],"8":[0],"9":[0]}}
,"C:\\Users\\Stryker\\Desktop\\Final-2024-II\\CALIDAD_SOFTWARE\\proyecto-si784-2024-ii-u2-caxi_aguilar_chata\\proyecto-si8811b-2024-ii-u1-backend-nodejs\\src\\controllers\\JustificationController.ts": {"path":"C:\\Users\\Stryker\\Desktop\\Final-2024-II\\CALIDAD_SOFTWARE\\proyecto-si784-2024-ii-u2-caxi_aguilar_chata\\proyecto-si8811b-2024-ii-u1-backend-nodejs\\src\\controllers\\JustificationController.ts","statementMap":{"0":{"start":{"line":2,"column":0},"end":{"line":2,"column":52}},"1":{"start":{"line":3,"column":0},"end":{"line":3,"column":36}},"2":{"start":{"line":4,"column":0},"end":{"line":4,"column":66}},"3":{"start":{"line":7,"column":33},"end":{"line":50,"column":5}},"4":{"start":{"line":8,"column":8},"end":{"line":49,"column":9}},"5":{"start":{"line":9,"column":49},"end":{"line":9,"column":57}},"6":{"start":{"line":10,"column":57},"end":{"line":10,"column":65}},"7":{"start":{"line":14,"column":12},"end":{"line":16,"column":13}},"8":{"start":{"line":15,"column":16},"end":{"line":15,"column":64}},"9":{"start":{"line":19,"column":34},"end":{"line":26,"column":14}},"10":{"start":{"line":28,"column":12},"end":{"line":28,"column":39}},"11":{"start":{"line":31,"column":12},"end":{"line":39,"column":15}},"12":{"start":{"line":41,"column":12},"end":{"line":41,"column":97}},"13":{"start":{"line":43,"column":12},"end":{"line":45,"column":15}},"14":{"start":{"line":47,"column":12},"end":{"line":47,"column":76}},"15":{"start":{"line":48,"column":12},"end":{"line":48,"column":91}},"16":{"start":{"line":52,"column":31},"end":{"line":84,"column":5}},"17":{"start":{"line":53,"column":8},"end":{"line":83,"column":9}},"18":{"start":{"line":54,"column":30},"end":{"line":54,"column":41}},"19":{"start":{"line":55,"column":25},"end":{"line":55,"column":64}},"20":{"start":{"line":56,"column":26},"end":{"line":56,"column":67}},"21":{"start":{"line":59,"column":35},"end":{"line":62,"column":29}},"22":{"start":{"line":64,"column":26},"end":{"line":64,"column":75}},"23":{"start":{"line":66,"column":12},"end":{"line":79,"column":15}},"24":{"start":{"line":70,"column":57},"end":{"line":78,"column":18}},"25":{"start":{"line":81,"column":12},"end":{"line":81,"column":95}},"26":{"start":{"line":82,"column":12},"end":{"line":82,"column":86}},"27":{"start":{"line":6,"column":0},"end":{"line":6,"column":13}}},"fnMap":{"0":{"name":"(anonymous_1)","decl":{"start":{"line":7,"column":33},"end":{"line":7,"column":38}},"loc":{"start":{"line":7,"column":71},"end":{"line":50,"column":5}}},"1":{"name":"(anonymous_2)","decl":{"start":{"line":52,"column":31},"end":{"line":52,"column":36}},"loc":{"start":{"line":52,"column":69},"end":{"line":84,"column":5}}},"2":{"name":"(anonymous_3)","decl":{"start":{"line":70,"column":51},"end":{"line":70,"column":52}},"loc":{"start":{"line":70,"column":57},"end":{"line":78,"column":18}}}},"branchMap":{"0":{"loc":{"start":{"line":14,"column":12},"end":{"line":16,"column":13}},"type":"if","locations":[{"start":{"line":14,"column":12},"end":{"line":16,"column":13}}]},"1":{"loc":{"start":{"line":55,"column":25},"end":{"line":55,"column":64}},"type":"binary-expr","locations":[{"start":{"line":55,"column":25},"end":{"line":55,"column":59}},{"start":{"line":55,"column":63},"end":{"line":55,"column":64}}]},"2":{"loc":{"start":{"line":56,"column":26},"end":{"line":56,"column":67}},"type":"binary-expr","locations":[{"start":{"line":56,"column":26},"end":{"line":56,"column":61}},{"start":{"line":56,"column":65},"end":{"line":56,"column":67}}]}},"s":{"0":3,"1":3,"2":3,"3":3,"4":0,"5":0,"6":0,"7":0,"8":0,"9":0,"10":0,"11":0,"12":0,"13":0,"14":0,"15":0,"16":3,"17":0,"18":0,"19":0,"20":0,"21":0,"22":0,"23":0,"24":0,"25":0,"26":0,"27":3},"f":{"0":0,"1":0,"2":0},"b":{"0":[0],"1":[0,0],"2":[0,0]}}
,"C:\\Users\\Stryker\\Desktop\\Final-2024-II\\CALIDAD_SOFTWARE\\proyecto-si784-2024-ii-u2-caxi_aguilar_chata\\proyecto-si8811b-2024-ii-u1-backend-nodejs\\src\\controllers\\ScheduleController.ts": {"path":"C:\\Users\\Stryker\\Desktop\\Final-2024-II\\CALIDAD_SOFTWARE\\proyecto-si784-2024-ii-u2-caxi_aguilar_chata\\proyecto-si8811b-2024-ii-u1-backend-nodejs\\src\\controllers\\ScheduleController.ts","statementMap":{"0":{"start":{"line":2,"column":0},"end":{"line":2,"column":41}},"1":{"start":{"line":5,"column":29},"end":{"line":22,"column":5}},"2":{"start":{"line":6,"column":8},"end":{"line":21,"column":9}},"3":{"start":{"line":7,"column":27},"end":{"line":7,"column":39}},"4":{"start":{"line":8,"column":29},"end":{"line":8,"column":63}},"5":{"start":{"line":10,"column":12},"end":{"line":12,"column":13}},"6":{"start":{"line":11,"column":16},"end":{"line":11,"column":null}},"7":{"start":{"line":14,"column":12},"end":{"line":17,"column":null}},"8":{"start":{"line":19,"column":12},"end":{"line":19,"column":62}},"9":{"start":{"line":20,"column":12},"end":{"line":20,"column":null}},"10":{"start":{"line":25,"column":0},"end":{"line":25,"column":34}}},"fnMap":{"0":{"name":"(anonymous_1)","decl":{"start":{"line":5,"column":29},"end":{"line":5,"column":34}},"loc":{"start":{"line":5,"column":67},"end":{"line":22,"column":5}}}},"branchMap":{"0":{"loc":{"start":{"line":10,"column":12},"end":{"line":12,"column":13}},"type":"if","locations":[{"start":{"line":10,"column":12},"end":{"line":12,"column":13}}]}},"s":{"0":3,"1":3,"2":2,"3":2,"4":2,"5":2,"6":1,"7":1,"8":0,"9":0,"10":3},"f":{"0":2},"b":{"0":[1]}}
,"C:\\Users\\Stryker\\Desktop\\Final-2024-II\\CALIDAD_SOFTWARE\\proyecto-si784-2024-ii-u2-caxi_aguilar_chata\\proyecto-si8811b-2024-ii-u1-backend-nodejs\\src\\controllers\\SyncController.ts": {"path":"C:\\Users\\Stryker\\Desktop\\Final-2024-II\\CALIDAD_SOFTWARE\\proyecto-si784-2024-ii-u2-caxi_aguilar_chata\\proyecto-si8811b-2024-ii-u1-backend-nodejs\\src\\controllers\\SyncController.ts","statementMap":{"0":{"start":{"line":2,"column":0},"end":{"line":2,"column":112}},"1":{"start":{"line":3,"column":0},"end":{"line":3,"column":36}},"2":{"start":{"line":4,"column":0},"end":{"line":4,"column":45}},"3":{"start":{"line":5,"column":0},"end":{"line":5,"column":42}},"4":{"start":{"line":9,"column":26},"end":{"line":35,"column":5}},"5":{"start":{"line":10,"column":39},"end":{"line":10,"column":47}},"6":{"start":{"line":12,"column":8},"end":{"line":34,"column":9}},"7":{"start":{"line":13,"column":12},"end":{"line":13,"column":71}},"8":{"start":{"line":15,"column":27},"end":{"line":15,"column":63}},"9":{"start":{"line":17,"column":12},"end":{"line":30,"column":13}},"10":{"start":{"line":18,"column":42},"end":{"line":18,"column":48}},"11":{"start":{"line":19,"column":35},"end":{"line":19,"column":45}},"12":{"start":{"line":21,"column":16},"end":{"line":21,"column":77}},"13":{"start":{"line":22,"column":16},"end":{"line":26,"column":19}},"14":{"start":{"line":28,"column":16},"end":{"line":28,"column":73}},"15":{"start":{"line":29,"column":16},"end":{"line":29,"column":103}},"16":{"start":{"line":32,"column":12},"end":{"line":32,"column":83}},"17":{"start":{"line":33,"column":12},"end":{"line":33,"column":81}},"18":{"start":{"line":37,"column":30},"end":{"line":86,"column":5}},"19":{"start":{"line":38,"column":39},"end":{"line":38,"column":47}},"20":{"start":{"line":39,"column":23},"end":{"line":39,"column":35}},"21":{"start":{"line":41,"column":8},"end":{"line":85,"column":9}},"22":{"start":{"line":42,"column":12},"end":{"line":42,"column":101}},"23":{"start":{"line":43,"column":27},"end":{"line":43,"column":78}},"24":{"start":{"line":45,"column":12},"end":{"line":81,"column":13}},"25":{"start":{"line":47,"column":46},"end":{"line":55,"column":19}},"26":{"start":{"line":47,"column":77},"end":{"line":55,"column":18}},"27":{"start":{"line":50,"column":78},"end":{"line":53,"column":26}},"28":{"start":{"line":57,"column":39},"end":{"line":62,"column":18}},"29":{"start":{"line":64,"column":35},"end":{"line":64,"column":62}},"30":{"start":{"line":66,"column":16},"end":{"line":77,"column":17}},"31":{"start":{"line":67,"column":20},"end":{"line":67,"column":118}},"32":{"start":{"line":68,"column":20},"end":{"line":73,"column":23}},"33":{"start":{"line":75,"column":20},"end":{"line":75,"column":111}},"34":{"start":{"line":76,"column":20},"end":{"line":76,"column":120}},"35":{"start":{"line":79,"column":16},"end":{"line":79,"column":92}},"36":{"start":{"line":80,"column":16},"end":{"line":80,"column":115}},"37":{"start":{"line":83,"column":12},"end":{"line":83,"column":105}},"38":{"start":{"line":84,"column":12},"end":{"line":84,"column":81}},"39":{"start":{"line":88,"column":32},"end":{"line":127,"column":5}},"40":{"start":{"line":89,"column":8},"end":{"line":126,"column":9}},"41":{"start":{"line":90,"column":43},"end":{"line":90,"column":51}},"42":{"start":{"line":91,"column":27},"end":{"line":91,"column":39}},"43":{"start":{"line":93,"column":12},"end":{"line":93,"column":105}},"44":{"start":{"line":95,"column":27},"end":{"line":95,"column":82}},"45":{"start":{"line":97,"column":12},"end":{"line":100,"column":13}},"46":{"start":{"line":98,"column":16},"end":{"line":98,"column":92}},"47":{"start":{"line":99,"column":16},"end":{"line":99,"column":103}},"48":{"start":{"line":102,"column":37},"end":{"line":107,"column":14}},"49":{"start":{"line":109,"column":31},"end":{"line":109,"column":82}},"50":{"start":{"line":111,"column":12},"end":{"line":122,"column":13}},"51":{"start":{"line":112,"column":16},"end":{"line":112,"column":118}},"52":{"start":{"line":113,"column":16},"end":{"line":118,"column":19}},"53":{"start":{"line":120,"column":16},"end":{"line":120,"column":110}},"54":{"start":{"line":121,"column":16},"end":{"line":121,"column":119}},"55":{"start":{"line":124,"column":12},"end":{"line":124,"column":118}},"56":{"start":{"line":125,"column":12},"end":{"line":125,"column":74}},"57":{"start":{"line":7,"column":0},"end":{"line":7,"column":13}},"58":{"start":{"line":131,"column":0},"end":{"line":131,"column":30}}},"fnMap":{"0":{"name":"(anonymous_1)","decl":{"start":{"line":9,"column":26},"end":{"line":9,"column":31}},"loc":{"start":{"line":9,"column":64},"end":{"line":35,"column":5}}},"1":{"name":"(anonymous_2)","decl":{"start":{"line":37,"column":30},"end":{"line":37,"column":35}},"loc":{"start":{"line":37,"column":68},"end":{"line":86,"column":5}}},"2":{"name":"(anonymous_3)","decl":{"start":{"line":47,"column":66},"end":{"line":47,"column":72}},"loc":{"start":{"line":47,"column":77},"end":{"line":55,"column":18}}},"3":{"name":"(anonymous_4)","decl":{"start":{"line":50,"column":60},"end":{"line":50,"column":61}},"loc":{"start":{"line":50,"column":78},"end":{"line":53,"column":26}}},"4":{"name":"(anonymous_5)","decl":{"start":{"line":88,"column":32},"end":{"line":88,"column":37}},"loc":{"start":{"line":88,"column":70},"end":{"line":127,"column":5}}}},"branchMap":{"0":{"loc":{"start":{"line":17,"column":12},"end":{"line":30,"column":13}},"type":"if","locations":[{"start":{"line":17,"column":12},"end":{"line":30,"column":13}},{"start":{"line":27,"column":19},"end":{"line":30,"column":13}}]},"1":{"loc":{"start":{"line":45,"column":12},"end":{"line":81,"column":13}},"type":"if","locations":[{"start":{"line":45,"column":12},"end":{"line":81,"column":13}},{"start":{"line":78,"column":19},"end":{"line":81,"column":13}}]},"2":{"loc":{"start":{"line":45,"column":16},"end":{"line":45,"column":41}},"type":"binary-expr","locations":[{"start":{"line":45,"column":16},"end":{"line":45,"column":22}},{"start":{"line":45,"column":26},"end":{"line":45,"column":41}}]},"3":{"loc":{"start":{"line":52,"column":28},"end":{"line":52,"column":66}},"type":"cond-expr","locations":[{"start":{"line":52,"column":51},"end":{"line":52,"column":56}},{"start":{"line":52,"column":59},"end":{"line":52,"column":66}}]},"4":{"loc":{"start":{"line":66,"column":16},"end":{"line":77,"column":17}},"type":"if","locations":[{"start":{"line":66,"column":16},"end":{"line":77,"column":17}},{"start":{"line":74,"column":23},"end":{"line":77,"column":17}}]},"5":{"loc":{"start":{"line":97,"column":12},"end":{"line":100,"column":13}},"type":"if","locations":[{"start":{"line":97,"column":12},"end":{"line":100,"column":13}}]},"6":{"loc":{"start":{"line":97,"column":16},"end":{"line":97,"column":46}},"type":"binary-expr","locations":[{"start":{"line":97,"column":16},"end":{"line":97,"column":23}},{"start":{"line":97,"column":27},"end":{"line":97,"column":46}}]},"7":{"loc":{"start":{"line":111,"column":12},"end":{"line":122,"column":13}},"type":"if","locations":[{"start":{"line":111,"column":12},"end":{"line":122,"column":13}},{"start":{"line":119,"column":19},"end":{"line":122,"column":13}}]}},"s":{"0":3,"1":3,"2":3,"3":3,"4":3,"5":2,"6":2,"7":2,"8":2,"9":2,"10":1,"11":1,"12":1,"13":1,"14":1,"15":1,"16":0,"17":0,"18":3,"19":2,"20":2,"21":2,"22":2,"23":2,"24":2,"25":1,"26":1,"27":1,"28":1,"29":1,"30":1,"31":1,"32":1,"33":0,"34":0,"35":1,"36":1,"37":0,"38":0,"39":3,"40":2,"41":2,"42":2,"43":2,"44":2,"45":2,"46":1,"47":1,"48":1,"49":1,"50":1,"51":1,"52":1,"53":0,"54":0,"55":0,"56":0,"57":3,"58":3},"f":{"0":2,"1":2,"2":1,"3":1,"4":2},"b":{"0":[1,1],"1":[1,1],"2":[2,1],"3":[1,0],"4":[1,0],"5":[1],"6":[2,1],"7":[1,0]}}
,"C:\\Users\\Stryker\\Desktop\\Final-2024-II\\CALIDAD_SOFTWARE\\proyecto-si784-2024-ii-u2-caxi_aguilar_chata\\proyecto-si8811b-2024-ii-u1-backend-nodejs\\src\\models\\Attendace.ts": {"path":"C:\\Users\\Stryker\\Desktop\\Final-2024-II\\CALIDAD_SOFTWARE\\proyecto-si784-2024-ii-u2-caxi_aguilar_chata\\proyecto-si8811b-2024-ii-u1-backend-nodejs\\src\\models\\Attendace.ts","statementMap":{"0":{"start":{"line":1,"column":0},"end":{"line":1,"column":54}},"1":{"start":{"line":21,"column":33},"end":{"line":59,"column":2}},"2":{"start":{"line":61,"column":19},"end":{"line":61,"column":86}},"3":{"start":{"line":62,"column":0},"end":{"line":62,"column":26}}},"fnMap":{},"branchMap":{},"s":{"0":3,"1":3,"2":3,"3":3},"f":{},"b":{}}
,"C:\\Users\\Stryker\\Desktop\\Final-2024-II\\CALIDAD_SOFTWARE\\proyecto-si784-2024-ii-u2-caxi_aguilar_chata\\proyecto-si8811b-2024-ii-u1-backend-nodejs\\src\\models\\Justification.ts": {"path":"C:\\Users\\Stryker\\Desktop\\Final-2024-II\\CALIDAD_SOFTWARE\\proyecto-si784-2024-ii-u2-caxi_aguilar_chata\\proyecto-si8811b-2024-ii-u1-backend-nodejs\\src\\models\\Justification.ts","statementMap":{"0":{"start":{"line":1,"column":0},"end":{"line":1,"column":54}},"1":{"start":{"line":15,"column":28},"end":{"line":35,"column":2}},"2":{"start":{"line":37,"column":22},"end":{"line":37,"column":90}},"3":{"start":{"line":39,"column":0},"end":{"line":39,"column":29}}},"fnMap":{},"branchMap":{},"s":{"0":3,"1":3,"2":3,"3":3},"f":{},"b":{}}
,"C:\\Users\\Stryker\\Desktop\\Final-2024-II\\CALIDAD_SOFTWARE\\proyecto-si784-2024-ii-u2-caxi_aguilar_chata\\proyecto-si8811b-2024-ii-u1-backend-nodejs\\src\\models\\Schedule.ts": {"path":"C:\\Users\\Stryker\\Desktop\\Final-2024-II\\CALIDAD_SOFTWARE\\proyecto-si784-2024-ii-u2-caxi_aguilar_chata\\proyecto-si8811b-2024-ii-u1-backend-nodejs\\src\\models\\Schedule.ts","statementMap":{"0":{"start":{"line":1,"column":0},"end":{"line":1,"column":54}},"1":{"start":{"line":21,"column":34},"end":{"line":29,"column":18}},"2":{"start":{"line":31,"column":37},"end":{"line":36,"column":18}},"3":{"start":{"line":38,"column":31},"end":{"line":43,"column":2}},"4":{"start":{"line":45,"column":17},"end":{"line":45,"column":78}},"5":{"start":{"line":47,"column":0},"end":{"line":47,"column":24}}},"fnMap":{},"branchMap":{},"s":{"0":3,"1":3,"2":3,"3":3,"4":3,"5":3},"f":{},"b":{}}
,"C:\\Users\\Stryker\\Desktop\\Final-2024-II\\CALIDAD_SOFTWARE\\proyecto-si784-2024-ii-u2-caxi_aguilar_chata\\proyecto-si8811b-2024-ii-u1-backend-nodejs\\src\\models\\Token.ts": {"path":"C:\\Users\\Stryker\\Desktop\\Final-2024-II\\CALIDAD_SOFTWARE\\proyecto-si784-2024-ii-u2-caxi_aguilar_chata\\proyecto-si8811b-2024-ii-u1-backend-nodejs\\src\\models\\Token.ts","statementMap":{"0":{"start":{"line":1,"column":0},"end":{"line":1,"column":59}},"1":{"start":{"line":9,"column":29},"end":{"line":23,"column":2}},"2":{"start":{"line":25,"column":14},"end":{"line":25,"column":58}},"3":{"start":{"line":26,"column":0},"end":{"line":26,"column":null}}},"fnMap":{},"branchMap":{},"s":{"0":3,"1":3,"2":3,"3":3},"f":{},"b":{}}
,"C:\\Users\\Stryker\\Desktop\\Final-2024-II\\CALIDAD_SOFTWARE\\proyecto-si784-2024-ii-u2-caxi_aguilar_chata\\proyecto-si8811b-2024-ii-u1-backend-nodejs\\src\\models\\User.ts": {"path":"C:\\Users\\Stryker\\Desktop\\Final-2024-II\\CALIDAD_SOFTWARE\\proyecto-si784-2024-ii-u2-caxi_aguilar_chata\\proyecto-si8811b-2024-ii-u1-backend-nodejs\\src\\models\\User.ts","statementMap":{"0":{"start":{"line":1,"column":0},"end":{"line":1,"column":52}},"1":{"start":{"line":10,"column":27},"end":{"line":29,"column":2}},"2":{"start":{"line":31,"column":13},"end":{"line":31,"column":54}},"3":{"start":{"line":32,"column":0},"end":{"line":32,"column":null}}},"fnMap":{},"branchMap":{},"s":{"0":3,"1":3,"2":3,"3":3},"f":{},"b":{}}
,"C:\\Users\\Stryker\\Desktop\\Final-2024-II\\CALIDAD_SOFTWARE\\proyecto-si784-2024-ii-u2-caxi_aguilar_chata\\proyecto-si8811b-2024-ii-u1-backend-nodejs\\src\\routes\\attendanceRoutes.ts": {"path":"C:\\Users\\Stryker\\Desktop\\Final-2024-II\\CALIDAD_SOFTWARE\\proyecto-si784-2024-ii-u2-caxi_aguilar_chata\\proyecto-si8811b-2024-ii-u1-backend-nodejs\\src\\routes\\attendanceRoutes.ts","statementMap":{"0":{"start":{"line":1,"column":0},"end":{"line":1,"column":30}},"1":{"start":{"line":2,"column":0},"end":{"line":2,"column":50}},"2":{"start":{"line":3,"column":0},"end":{"line":3,"column":71}},"3":{"start":{"line":5,"column":15},"end":{"line":5,"column":31}},"4":{"start":{"line":54,"column":0},"end":{"line":54,"column":70}},"5":{"start":{"line":56,"column":0},"end":{"line":56,"column":22}}},"fnMap":{},"branchMap":{},"s":{"0":3,"1":3,"2":3,"3":3,"4":3,"5":3},"f":{},"b":{}}
,"C:\\Users\\Stryker\\Desktop\\Final-2024-II\\CALIDAD_SOFTWARE\\proyecto-si784-2024-ii-u2-caxi_aguilar_chata\\proyecto-si8811b-2024-ii-u1-backend-nodejs\\src\\routes\\authRoutes.ts": {"path":"C:\\Users\\Stryker\\Desktop\\Final-2024-II\\CALIDAD_SOFTWARE\\proyecto-si784-2024-ii-u2-caxi_aguilar_chata\\proyecto-si8811b-2024-ii-u1-backend-nodejs\\src\\routes\\authRoutes.ts","statementMap":{"0":{"start":{"line":1,"column":0},"end":{"line":1,"column":32}},"1":{"start":{"line":2,"column":0},"end":{"line":2,"column":47}},"2":{"start":{"line":3,"column":0},"end":{"line":3,"column":62}},"3":{"start":{"line":4,"column":0},"end":{"line":4,"column":60}},"4":{"start":{"line":5,"column":0},"end":{"line":5,"column":49}},"5":{"start":{"line":7,"column":15},"end":{"line":7,"column":23}},"6":{"start":{"line":39,"column":0},"end":{"line":54,"column":null}},"7":{"start":{"line":45,"column":8},"end":{"line":47,"column":9}},"8":{"start":{"line":46,"column":12},"end":{"line":46,"column":54}},"9":{"start":{"line":48,"column":8},"end":{"line":48,"column":20}},"10":{"start":{"line":77,"column":0},"end":{"line":82,"column":null}},"11":{"start":{"line":107,"column":0},"end":{"line":114,"column":null}},"12":{"start":{"line":138,"column":0},"end":{"line":143,"column":null}},"13":{"start":{"line":166,"column":0},"end":{"line":171,"column":null}},"14":{"start":{"line":194,"column":0},"end":{"line":199,"column":null}},"15":{"start":{"line":230,"column":0},"end":{"line":243,"column":null}},"16":{"start":{"line":236,"column":8},"end":{"line":238,"column":9}},"17":{"start":{"line":237,"column":12},"end":{"line":237,"column":54}},"18":{"start":{"line":239,"column":8},"end":{"line":239,"column":20}},"19":{"start":{"line":270,"column":0},"end":{"line":273,"column":null}},"20":{"start":{"line":275,"column":0},"end":{"line":275,"column":null}}},"fnMap":{"0":{"name":"(anonymous_0)","decl":{"start":{"line":44,"column":41},"end":{"line":44,"column":42}},"loc":{"start":{"line":44,"column":58},"end":{"line":49,"column":5}}},"1":{"name":"(anonymous_1)","decl":{"start":{"line":235,"column":41},"end":{"line":235,"column":42}},"loc":{"start":{"line":235,"column":58},"end":{"line":240,"column":5}}}},"branchMap":{"0":{"loc":{"start":{"line":45,"column":8},"end":{"line":47,"column":9}},"type":"if","locations":[{"start":{"line":45,"column":8},"end":{"line":47,"column":9}}]},"1":{"loc":{"start":{"line":236,"column":8},"end":{"line":238,"column":9}},"type":"if","locations":[{"start":{"line":236,"column":8},"end":{"line":238,"column":9}}]}},"s":{"0":3,"1":3,"2":3,"3":3,"4":3,"5":3,"6":3,"7":1,"8":0,"9":1,"10":3,"11":3,"12":3,"13":3,"14":3,"15":3,"16":1,"17":0,"18":1,"19":3,"20":3},"f":{"0":1,"1":1},"b":{"0":[0],"1":[0]}}
,"C:\\Users\\Stryker\\Desktop\\Final-2024-II\\CALIDAD_SOFTWARE\\proyecto-si784-2024-ii-u2-caxi_aguilar_chata\\proyecto-si8811b-2024-ii-u1-backend-nodejs\\src\\routes\\justificationRoutes.ts": {"path":"C:\\Users\\Stryker\\Desktop\\Final-2024-II\\CALIDAD_SOFTWARE\\proyecto-si784-2024-ii-u2-caxi_aguilar_chata\\proyecto-si8811b-2024-ii-u1-backend-nodejs\\src\\routes\\justificationRoutes.ts","statementMap":{"0":{"start":{"line":1,"column":0},"end":{"line":1,"column":33}},"1":{"start":{"line":2,"column":0},"end":{"line":2,"column":41}},"2":{"start":{"line":3,"column":0},"end":{"line":3,"column":50}},"3":{"start":{"line":4,"column":0},"end":{"line":4,"column":81}},"4":{"start":{"line":5,"column":0},"end":{"line":5,"column":61}},"5":{"start":{"line":6,"column":0},"end":{"line":6,"column":42}},"6":{"start":{"line":8,"column":15},"end":{"line":8,"column":23}},"7":{"start":{"line":44,"column":0},"end":{"line":60,"column":null}},"8":{"start":{"line":49,"column":8},"end":{"line":49,"column":57}},"9":{"start":{"line":50,"column":8},"end":{"line":50,"column":50}},"10":{"start":{"line":51,"column":8},"end":{"line":51,"column":15}},"11":{"start":{"line":113,"column":0},"end":{"line":117,"column":null}},"12":{"start":{"line":119,"column":0},"end":{"line":119,"column":22}}},"fnMap":{"0":{"name":"(anonymous_0)","decl":{"start":{"line":48,"column":4},"end":{"line":48,"column":5}},"loc":{"start":{"line":48,"column":23},"end":{"line":52,"column":5}}}},"branchMap":{},"s":{"0":3,"1":3,"2":3,"3":3,"4":3,"5":3,"6":3,"7":3,"8":0,"9":0,"10":0,"11":3,"12":3},"f":{"0":0},"b":{}}
,"C:\\Users\\Stryker\\Desktop\\Final-2024-II\\CALIDAD_SOFTWARE\\proyecto-si784-2024-ii-u2-caxi_aguilar_chata\\proyecto-si8811b-2024-ii-u1-backend-nodejs\\src\\routes\\scheduleRoutes.ts": {"path":"C:\\Users\\Stryker\\Desktop\\Final-2024-II\\CALIDAD_SOFTWARE\\proyecto-si784-2024-ii-u2-caxi_aguilar_chata\\proyecto-si8811b-2024-ii-u1-backend-nodejs\\src\\routes\\scheduleRoutes.ts","statementMap":{"0":{"start":{"line":1,"column":0},"end":{"line":1,"column":30}},"1":{"start":{"line":2,"column":0},"end":{"line":2,"column":50}},"2":{"start":{"line":3,"column":0},"end":{"line":3,"column":67}},"3":{"start":{"line":5,"column":15},"end":{"line":5,"column":31}},"4":{"start":{"line":57,"column":0},"end":{"line":57,"column":66}},"5":{"start":{"line":59,"column":0},"end":{"line":59,"column":22}}},"fnMap":{},"branchMap":{},"s":{"0":3,"1":3,"2":3,"3":3,"4":3,"5":3},"f":{},"b":{}}
,"C:\\Users\\Stryker\\Desktop\\Final-2024-II\\CALIDAD_SOFTWARE\\proyecto-si784-2024-ii-u2-caxi_aguilar_chata\\proyecto-si8811b-2024-ii-u1-backend-nodejs\\src\\routes\\syncRoutes.ts": {"path":"C:\\Users\\Stryker\\Desktop\\Final-2024-II\\CALIDAD_SOFTWARE\\proyecto-si784-2024-ii-u2-caxi_aguilar_chata\\proyecto-si8811b-2024-ii-u1-backend-nodejs\\src\\routes\\syncRoutes.ts","statementMap":{"0":{"start":{"line":1,"column":0},"end":{"line":1,"column":33}},"1":{"start":{"line":2,"column":0},"end":{"line":2,"column":41}},"2":{"start":{"line":3,"column":0},"end":{"line":3,"column":63}},"3":{"start":{"line":4,"column":0},"end":{"line":4,"column":61}},"4":{"start":{"line":5,"column":0},"end":{"line":5,"column":50}},"5":{"start":{"line":7,"column":15},"end":{"line":7,"column":23}},"6":{"start":{"line":39,"column":0},"end":{"line":46,"column":2}},"7":{"start":{"line":113,"column":0},"end":{"line":120,"column":2}},"8":{"start":{"line":192,"column":0},"end":{"line":199,"column":2}},"9":{"start":{"line":201,"column":0},"end":{"line":201,"column":22}}},"fnMap":{},"branchMap":{},"s":{"0":3,"1":3,"2":3,"3":3,"4":3,"5":3,"6":3,"7":3,"8":3,"9":3},"f":{},"b":{}}
}
