TN:
SF:src\server.ts
FN:35,(anonymous_1)
FNF:1
FNH:1
FNDA:20,(anonymous_1)
DA:1,3
DA:2,3
DA:3,3
DA:4,3
DA:5,3
DA:6,3
DA:7,3
DA:8,3
DA:9,3
DA:10,3
DA:11,3
DA:12,3
DA:13,3
DA:14,3
DA:15,3
DA:16,3
DA:18,3
DA:19,3
DA:21,3
DA:23,3
DA:25,3
DA:26,3
DA:27,0
DA:31,3
DA:32,3
DA:35,3
DA:36,20
DA:37,20
DA:40,3
DA:42,3
DA:44,3
DA:46,3
DA:48,3
DA:50,3
DA:54,3
LF:35
LH:34
BRDA:26,0,0,0
BRF:1
BRH:0
end_of_record
TN:
SF:src\swaggerOptions.ts
FNF:0
FNH:0
DA:3,3
DA:34,3
LF:2
LH:2
BRF:0
BRH:0
end_of_record
TN:
SF:src\controllers\AttendanceController.ts
FN:5,(anonymous_1)
FNF:1
FNH:1
FNDA:2,(anonymous_1)
DA:2,3
DA:5,3
DA:6,2
DA:7,2
DA:8,2
DA:10,2
DA:11,1
DA:14,1
DA:19,0
DA:20,0
DA:25,3
LF:11
LH:9
BRDA:10,0,0,1
BRF:1
BRH:1
end_of_record
TN:
SF:src\controllers\AuthController.ts
FN:12,(anonymous_1)
FN:53,(anonymous_2)
FN:79,(anonymous_3)
FN:128,(anonymous_4)
FN:168,(anonymous_5)
FN:201,(anonymous_6)
FN:222,(anonymous_7)
FN:249,(anonymous_8)
FNF:8
FNH:7
FNDA:1,(anonymous_1)
FNDA:1,(anonymous_2)
FNDA:1,(anonymous_3)
FNDA:1,(anonymous_4)
FNDA:1,(anonymous_5)
FNDA:1,(anonymous_6)
FNDA:1,(anonymous_7)
FNDA:0,(anonymous_8)
DA:2,3
DA:3,3
DA:4,3
DA:5,3
DA:6,3
DA:7,3
DA:8,3
DA:10,3
DA:12,3
DA:13,1
DA:14,1
DA:16,1
DA:19,1
DA:20,1
DA:21,0
DA:22,0
DA:23,0
DA:27,1
DA:28,1
DA:31,1
DA:32,1
DA:33,1
DA:34,1
DA:37,1
DA:43,1
DA:45,1
DA:46,1
DA:48,0
DA:49,0
DA:53,3
DA:54,1
DA:55,1
DA:57,1
DA:59,1
DA:60,1
DA:61,0
DA:62,0
DA:63,0
DA:66,1
DA:67,1
DA:69,1
DA:71,1
DA:72,1
DA:74,0
DA:75,0
DA:79,3
DA:80,1
DA:81,1
DA:83,1
DA:85,1
DA:86,1
DA:87,0
DA:88,0
DA:89,0
DA:92,1
DA:93,0
DA:94,0
DA:95,0
DA:96,0
DA:98,0
DA:104,0
DA:105,0
DA:106,0
DA:110,1
DA:111,1
DA:112,0
DA:113,0
DA:114,0
DA:117,1
DA:119,1
DA:120,1
DA:123,0
DA:124,0
DA:128,3
DA:129,1
DA:130,1
DA:132,1
DA:134,1
DA:135,1
DA:136,0
DA:137,0
DA:138,0
DA:141,1
DA:142,0
DA:143,0
DA:144,0
DA:147,1
DA:148,1
DA:149,1
DA:150,1
DA:152,1
DA:158,1
DA:160,1
DA:161,1
DA:163,0
DA:164,0
DA:168,3
DA:169,1
DA:170,1
DA:172,1
DA:174,1
DA:175,1
DA:176,0
DA:177,0
DA:178,0
DA:181,1
DA:182,1
DA:183,1
DA:184,1
DA:185,1
DA:187,1
DA:193,1
DA:194,1
DA:196,0
DA:197,0
DA:201,3
DA:202,1
DA:203,1
DA:205,1
DA:207,1
DA:208,1
DA:209,0
DA:210,0
DA:211,0
DA:214,1
DA:215,1
DA:217,0
DA:218,0
DA:222,3
DA:223,1
DA:224,1
DA:225,1
DA:227,1
DA:229,1
DA:230,1
DA:231,0
DA:232,0
DA:233,0
DA:236,1
DA:237,1
DA:239,1
DA:241,1
DA:242,1
DA:244,0
DA:245,0
DA:249,3
DA:250,0
DA:254,3
LF:148
LH:98
BRDA:20,0,0,0
BRDA:60,1,0,0
BRDA:86,2,0,0
BRDA:92,3,0,0
BRDA:111,4,0,0
BRDA:135,5,0,0
BRDA:141,6,0,0
BRDA:175,7,0,0
BRDA:208,8,0,0
BRDA:230,9,0,0
BRF:10
BRH:0
end_of_record
TN:
SF:src\controllers\JustificationController.ts
FN:7,(anonymous_1)
FN:52,(anonymous_2)
FN:70,(anonymous_3)
FNF:3
FNH:0
FNDA:0,(anonymous_1)
FNDA:0,(anonymous_2)
FNDA:0,(anonymous_3)
DA:2,3
DA:3,3
DA:4,3
DA:6,3
DA:7,3
DA:8,0
DA:9,0
DA:10,0
DA:14,0
DA:15,0
DA:19,0
DA:28,0
DA:31,0
DA:41,0
DA:43,0
DA:47,0
DA:48,0
DA:52,3
DA:53,0
DA:54,0
DA:55,0
DA:56,0
DA:59,0
DA:64,0
DA:66,0
DA:70,0
DA:81,0
DA:82,0
LF:28
LH:6
BRDA:14,0,0,0
BRDA:55,1,0,0
BRDA:55,1,1,0
BRDA:56,2,0,0
BRDA:56,2,1,0
BRF:5
BRH:0
end_of_record
TN:
SF:src\controllers\ScheduleController.ts
FN:5,(anonymous_1)
FNF:1
FNH:1
FNDA:2,(anonymous_1)
DA:2,3
DA:5,3
DA:6,2
DA:7,2
DA:8,2
DA:10,2
DA:11,1
DA:14,1
DA:19,0
DA:20,0
DA:25,3
LF:11
LH:9
BRDA:10,0,0,1
BRF:1
BRH:1
end_of_record
TN:
SF:src\controllers\SyncController.ts
FN:9,(anonymous_1)
FN:37,(anonymous_2)
FN:47,(anonymous_3)
FN:50,(anonymous_4)
FN:88,(anonymous_5)
FNF:5
FNH:5
FNDA:2,(anonymous_1)
FNDA:2,(anonymous_2)
FNDA:1,(anonymous_3)
FNDA:1,(anonymous_4)
FNDA:2,(anonymous_5)
DA:2,3
DA:3,3
DA:4,3
DA:5,3
DA:7,3
DA:9,3
DA:10,2
DA:12,2
DA:13,2
DA:15,2
DA:17,2
DA:18,1
DA:19,1
DA:21,1
DA:22,1
DA:28,1
DA:29,1
DA:32,0
DA:33,0
DA:37,3
DA:38,2
DA:39,2
DA:41,2
DA:42,2
DA:43,2
DA:45,2
DA:47,1
DA:50,1
DA:57,1
DA:64,1
DA:66,1
DA:67,1
DA:68,1
DA:75,0
DA:76,0
DA:79,1
DA:80,1
DA:83,0
DA:84,0
DA:88,3
DA:89,2
DA:90,2
DA:91,2
DA:93,2
DA:95,2
DA:97,2
DA:98,1
DA:99,1
DA:102,1
DA:109,1
DA:111,1
DA:112,1
DA:113,1
DA:120,0
DA:121,0
DA:124,0
DA:125,0
DA:131,3
LF:58
LH:48
BRDA:17,0,0,1
BRDA:17,0,1,1
BRDA:45,1,0,1
BRDA:45,1,1,1
BRDA:45,2,0,2
BRDA:45,2,1,1
BRDA:52,3,0,1
BRDA:52,3,1,0
BRDA:66,4,0,1
BRDA:66,4,1,0
BRDA:97,5,0,1
BRDA:97,6,0,2
BRDA:97,6,1,1
BRDA:111,7,0,1
BRDA:111,7,1,0
BRF:15
BRH:12
end_of_record
TN:
SF:src\models\Attendace.ts
FNF:0
FNH:0
DA:1,3
DA:21,3
DA:61,3
DA:62,3
LF:4
LH:4
BRF:0
BRH:0
end_of_record
TN:
SF:src\models\Justification.ts
FNF:0
FNH:0
DA:1,3
DA:15,3
DA:37,3
DA:39,3
LF:4
LH:4
BRF:0
BRH:0
end_of_record
TN:
SF:src\models\Schedule.ts
FNF:0
FNH:0
DA:1,3
DA:21,3
DA:31,3
DA:38,3
DA:45,3
DA:47,3
LF:6
LH:6
BRF:0
BRH:0
end_of_record
TN:
SF:src\models\Token.ts
FNF:0
FNH:0
DA:1,3
DA:9,3
DA:25,3
DA:26,3
LF:4
LH:4
BRF:0
BRH:0
end_of_record
TN:
SF:src\models\User.ts
FNF:0
FNH:0
DA:1,3
DA:10,3
DA:31,3
DA:32,3
LF:4
LH:4
BRF:0
BRH:0
end_of_record
TN:
SF:src\routes\attendanceRoutes.ts
FNF:0
FNH:0
DA:1,3
DA:2,3
DA:3,3
DA:5,3
DA:54,3
DA:56,3
LF:6
LH:6
BRF:0
BRH:0
end_of_record
TN:
SF:src\routes\authRoutes.ts
FN:44,(anonymous_0)
FN:235,(anonymous_1)
FNF:2
FNH:2
FNDA:1,(anonymous_0)
FNDA:1,(anonymous_1)
DA:1,3
DA:2,3
DA:3,3
DA:4,3
DA:5,3
DA:7,3
DA:39,3
DA:45,1
DA:46,0
DA:48,1
DA:77,3
DA:107,3
DA:138,3
DA:166,3
DA:194,3
DA:230,3
DA:236,1
DA:237,0
DA:239,1
DA:270,3
DA:275,3
LF:21
LH:19
BRDA:45,0,0,0
BRDA:236,1,0,0
BRF:2
BRH:0
end_of_record
TN:
SF:src\routes\justificationRoutes.ts
FN:48,(anonymous_0)
FNF:1
FNH:0
FNDA:0,(anonymous_0)
DA:1,3
DA:2,3
DA:3,3
DA:4,3
DA:5,3
DA:6,3
DA:8,3
DA:44,3
DA:49,0
DA:50,0
DA:51,0
DA:113,3
DA:119,3
LF:13
LH:10
BRF:0
BRH:0
end_of_record
TN:
SF:src\routes\scheduleRoutes.ts
FNF:0
FNH:0
DA:1,3
DA:2,3
DA:3,3
DA:5,3
DA:57,3
DA:59,3
LF:6
LH:6
BRF:0
BRH:0
end_of_record
TN:
SF:src\routes\syncRoutes.ts
FNF:0
FNH:0
DA:1,3
DA:2,3
DA:3,3
DA:4,3
DA:5,3
DA:7,3
DA:39,3
DA:113,3
DA:192,3
DA:201,3
LF:10
LH:10
BRF:0
BRH:0
end_of_record
